# JRE version: OpenJDK Runtime Environment Microsoft-7208460 (11.0.18+10) (build 11.0.18+10-LTS)
# Java VM: OpenJDK 64-Bit Server VM Microsoft-7208460 (11.0.18+10-LTS, mixed mode, tiered, compressed oops, g1 gc, windows-amd64)
Heap:
 garbage-first heap   total 501760K, used 489471K [0x0000000080000000, 0x0000000100000000)
  region size 1024K, 8 young (8192K), 3 survivors (3072K)
 Metaspace       used 171574K, capacity 179988K, committed 180152K, reserved 671744K
  class space    used 21796K, capacity 24748K, committed 24832K, reserved 516096K
GC Heap History (20 events):
Event: 12597.109 GC heap before
{Heap before GC invocations=233 (full 0):
 garbage-first heap   total 403456K, used 260486K [0x0000000080000000, 0x0000000100000000)
  region size 1024K, 19 young (19456K), 11 survivors (11264K)
 Metaspace       used 148580K, capacity 155934K, committed 156088K, reserved 651264K
  class space    used 18586K, capacity 21175K, committed 21248K, reserved 516096K
}
Event: 12597.143 GC heap after
{Heap after GC invocations=234 (full 0):
 garbage-first heap   total 403456K, used 249735K [0x0000000080000000, 0x0000000100000000)
  region size 1024K, 3 young (3072K), 3 survivors (3072K)
 Metaspace       used 148580K, capacity 155934K, committed 156088K, reserved 651264K
  class space    used 18586K, capacity 21175K, committed 21248K, reserved 516096K
}
Event: 12599.081 GC heap before
{Heap before GC invocations=234 (full 0):
 garbage-first heap   total 403456K, used 321415K [0x0000000080000000, 0x0000000100000000)
  region size 1024K, 75 young (76800K), 3 survivors (3072K)
 Metaspace       used 150762K, capacity 158217K, committed 158392K, reserved 653312K
  class space    used 18866K, capacity 21489K, committed 21504K, reserved 516096K
}
Event: 12599.130 GC heap after
{Heap after GC invocations=235 (full 0):
 garbage-first heap   total 403456K, used 255964K [0x0000000080000000, 0x0000000100000000)
  region size 1024K, 9 young (9216K), 9 survivors (9216K)
 Metaspace       used 150762K, capacity 158217K, committed 158392K, reserved 653312K
  class space    used 18866K, capacity 21489K, committed 21504K, reserved 516096K
}
Event: 12610.989 GC heap before
{Heap before GC invocations=236 (full 0):
 garbage-first heap   total 403456K, used 336860K [0x0000000080000000, 0x0000000100000000)
  region size 1024K, 82 young (83968K), 9 survivors (9216K)
 Metaspace       used 160049K, capacity 167840K, committed 168120K, reserved 663552K
  class space    used 20031K, capacity 22754K, committed 22784K, reserved 516096K
}
Event: 12611.006 GC heap after
{Heap after GC invocations=237 (full 0):
 garbage-first heap   total 403456K, used 263374K [0x0000000080000000, 0x0000000100000000)
  region size 1024K, 8 young (8192K), 8 survivors (8192K)
 Metaspace       used 160049K, capacity 167840K, committed 168120K, reserved 663552K
  class space    used 20031K, capacity 22754K, committed 22784K, reserved 516096K
}
Event: 12611.530 GC heap before
{Heap before GC invocations=237 (full 0):
 garbage-first heap   total 403456K, used 273614K [0x0000000080000000, 0x0000000100000000)
  region size 1024K, 19 young (19456K), 8 survivors (8192K)
 Metaspace       used 162891K, capacity 170826K, committed 171192K, reserved 665600K
  class space    used 20420K, capacity 23170K, committed 23296K, reserved 516096K
}
Event: 12611.548 GC heap after
{Heap after GC invocations=238 (full 0):
 garbage-first heap   total 403456K, used 259848K [0x0000000080000000, 0x0000000100000000)
  region size 1024K, 2 young (2048K), 2 survivors (2048K)
 Metaspace       used 162891K, capacity 170826K, committed 171192K, reserved 665600K
  class space    used 20420K, capacity 23170K, committed 23296K, reserved 516096K
}
Event: 12613.872 GC heap before
{Heap before GC invocations=238 (full 0):
 garbage-first heap   total 403456K, used 302856K [0x0000000080000000, 0x0000000100000000)
  region size 1024K, 46 young (47104K), 2 survivors (2048K)
 Metaspace       used 171518K, capacity 179932K, committed 180152K, reserved 671744K
  class space    used 21795K, capacity 24752K, committed 24832K, reserved 516096K
}
Event: 12613.884 GC heap after
{Heap after GC invocations=239 (full 0):
 garbage-first heap   total 403456K, used 259643K [0x0000000080000000, 0x0000000100000000)
  region size 1024K, 4 young (4096K), 4 survivors (4096K)
 Metaspace       used 171518K, capacity 179932K, committed 180152K, reserved 671744K
  class space    used 21795K, capacity 24752K, committed 24832K, reserved 516096K
}
Event: 12615.514 GC heap before
{Heap before GC invocations=240 (full 0):
 garbage-first heap   total 410624K, used 408123K [0x0000000080000000, 0x0000000100000000)
  region size 1024K, 22 young (22528K), 4 survivors (4096K)
 Metaspace       used 171566K, capacity 179988K, committed 180152K, reserved 671744K
  class space    used 21796K, capacity 24748K, committed 24832K, reserved 516096K
}
Event: 12615.535 GC heap after
{Heap after GC invocations=241 (full 0):
 garbage-first heap   total 423936K, used 343139K [0x0000000080000000, 0x0000000100000000)
  region size 1024K, 10 young (10240K), 10 survivors (10240K)
 Metaspace       used 171566K, capacity 179988K, committed 180152K, reserved 671744K
  class space    used 21796K, capacity 24748K, committed 24832K, reserved 516096K
}
Event: 12616.496 GC heap before
{Heap before GC invocations=241 (full 0):
 garbage-first heap   total 430080K, used 428131K [0x0000000080000000, 0x0000000100000000)
  region size 1024K, 20 young (20480K), 10 survivors (10240K)
 Metaspace       used 171570K, capacity 179988K, committed 180152K, reserved 671744K
  class space    used 21796K, capacity 24748K, committed 24832K, reserved 516096K
}
Event: 12616.512 GC heap after
{Heap after GC invocations=242 (full 0):
 garbage-first heap   total 446464K, used 382318K [0x0000000080000000, 0x0000000100000000)
  region size 1024K, 3 young (3072K), 3 survivors (3072K)
 Metaspace       used 171570K, capacity 179988K, committed 180152K, reserved 671744K
  class space    used 21796K, capacity 24748K, committed 24832K, reserved 516096K
}
Event: 12616.520 GC heap before
{Heap before GC invocations=242 (full 0):
 garbage-first heap   total 446464K, used 382318K [0x0000000080000000, 0x0000000100000000)
  region size 1024K, 4 young (4096K), 3 survivors (3072K)
 Metaspace       used 171570K, capacity 179988K, committed 180152K, reserved 671744K
  class space    used 21796K, capacity 24748K, committed 24832K, reserved 516096K
}
Event: 12616.524 GC heap after
{Heap after GC invocations=243 (full 0):
 garbage-first heap   total 446464K, used 382451K [0x0000000080000000, 0x0000000100000000)
  region size 1024K, 1 young (1024K), 1 survivors (1024K)
 Metaspace       used 171570K, capacity 179988K, committed 180152K, reserved 671744K
  class space    used 21796K, capacity 24748K, committed 24832K, reserved 516096K
}
Event: 12617.584 GC heap before
{Heap before GC invocations=243 (full 0):
 garbage-first heap   total 472064K, used 469491K [0x0000000080000000, 0x0000000100000000)
  region size 1024K, 10 young (10240K), 1 survivors (1024K)
 Metaspace       used 171570K, capacity 179988K, committed 180152K, reserved 671744K
  class space    used 21796K, capacity 24748K, committed 24832K, reserved 516096K
}
Event: 12617.591 GC heap after
{Heap after GC invocations=244 (full 0):
 garbage-first heap   total 477184K, used 436755K [0x0000000080000000, 0x0000000100000000)
  region size 1024K, 3 young (3072K), 3 survivors (3072K)
 Metaspace       used 171570K, capacity 179988K, committed 180152K, reserved 671744K
  class space    used 21796K, capacity 24748K, committed 24832K, reserved 516096K
}
Event: 12618.087 GC heap before
{Heap before GC invocations=245 (full 0):
 garbage-first heap   total 489472K, used 487955K [0x0000000080000000, 0x0000000100000000)
  region size 1024K, 11 young (11264K), 3 survivors (3072K)
 Metaspace       used 171571K, capacity 179988K, committed 180152K, reserved 671744K
  class space    used 21796K, capacity 24748K, committed 24832K, reserved 516096K
}
Event: 12618.092 GC heap after
{Heap after GC invocations=246 (full 0):
 garbage-first heap   total 496640K, used 466943K [0x0000000080000000, 0x0000000100000000)
  region size 1024K, 3 young (3072K), 3 survivors (3072K)
 Metaspace       used 171571K, capacity 179988K, committed 180152K, reserved 671744K
  class space    used 21796K, capacity 24748K, committed 24832K, reserved 516096K
}

